#
# There is insufficient memory for the Java Runtime Environment to continue.
# Native memory allocation (malloc) failed to allocate 11032344 bytes. Error detail: Chunk::new
# Possible reasons:
#   The system is out of physical RAM or swap space
#   This process is running with CompressedOops enabled, and the Java Heap may be blocking the growth of the native heap
# Possible solutions:
#   Reduce memory load on the system
#   Increase physical memory or swap space
#   Check if swap backing store is full
#   Decrease Java heap size (-Xmx/-Xms)
#   Decrease number of Java threads
#   Decrease Java thread stack sizes (-Xss)
#   Set larger code cache with -XX:ReservedCodeCacheSize=
#   JVM is running with Zero Based Compressed Oops mode in which the Java heap is
#     placed in the first 32GB address space. The Java Heap base address is the
#     maximum limit for the native heap growth. Please use -XX:HeapBaseMinAddress
#     to set the Java Heap base and to place the Java Heap above 32GB virtual address.
# This output file may be truncated or incomplete.
#
#  Out of Memory Error (arena.cpp:186), pid=35320, tid=34696
#
# JRE version: Java(TM) SE Runtime Environment (25.0.2+10) (build 25.0.2+10-LTS-69)
# Java VM: Java HotSpot(TM) 64-Bit Server VM (25.0.2+10-LTS-69, mixed mode, sharing, tiered, compressed oops, compressed class ptrs, g1 gc, windows-amd64)
# No core dump will be written. Minidumps are not enabled by default on client versions of Windows
#

---------------  S U M M A R Y ------------

Command Line: --enable-native-access=ALL-UNNAMED -Dclassworlds.conf=C:\Users\Administrator\.m2\wrapper\dists\apache-maven-3.9.14\ed7edd442f634ac1c1ef5ba2b61b6d690b5221091f1a8e1123f5fadcc967520d\bin\m2.conf -Dmaven.home=C:\Users\Administrator\.m2\wrapper\dists\apache-maven-3.9.14\ed7edd442f634ac1c1ef5ba2b61b6d690b5221091f1a8e1123f5fadcc967520d -Dlibrary.jansi.path=C:\Users\Administrator\.m2\wrapper\dists\apache-maven-3.9.14\ed7edd442f634ac1c1ef5ba2b61b6d690b5221091f1a8e1123f5fadcc967520d\lib\jansi-native -Dmaven.multiModuleProjectDirectory=C:\Users\Administrator\Documents\GitHub\A\AzureCanvas-main org.codehaus.plexus.classworlds.launcher.Launcher clean compile

Host: 13th Gen Intel(R) Core(TM) i9-13900HX, 32 cores, 31G,  Windows 11 , 64 bit Build 26100 (10.0.26100.8246)
Time: Thu Apr 23 18:06:52 2026 elapsed time: 18.071646 seconds (0d 0h 0m 18s)

---------------  T H R E A D  ---------------

Current thread (0x0000027056e98220):  JavaThread "C2 CompilerThread0" daemon [_thread_in_native, id=34696, stack(0x000000c669f00000,0x000000c66a000000) (1024K)]


Current CompileTask:
C2:18071 5764       4       java.lang.invoke.MethodType::makeImpl (109 bytes)

Stack: [0x000000c669f00000,0x000000c66a000000]
Native frames: (J=compiled Java code, j=interpreted, Vv=VM code, C=native code)
V  [jvm.dll+0x7a70f9]  (no source info available)
V  [jvm.dll+0x772d6d]  (no source info available)
V  [jvm.dll+0x965d53]  (no source info available)
V  [jvm.dll+0x968351]  (no source info available)
V  [jvm.dll+0x968a63]  (no source info available)
V  [jvm.dll+0x2fc846]  (no source info available)
V  [jvm.dll+0x111b16]  (no source info available)
V  [jvm.dll+0x111e3e]  (no source info available)
V  [jvm.dll+0x1a0872]  (no source info available)
V  [jvm.dll+0x3b54c2]  (no source info available)
V  [jvm.dll+0x7aca8f]  (no source info available)
V  [jvm.dll+0x2c0b97]  (no source info available)
V  [jvm.dll+0x2bfb5f]  (no source info available)
V  [jvm.dll+0x2379a0]  (no source info available)
V  [jvm.dll+0x2cfc86]  (no source info available)
V  [jvm.dll+0x2cdf05]  (no source info available)
V  [jvm.dll+0x48e9d1]  (no source info available)
V  [jvm.dll+0x906fcd]  (no source info available)
V  [jvm.dll+0x7a56d5]  (no source info available)
C  [ucrtbase.dll+0x37b0]  (no source info available)
C  [KERNEL32.DLL+0x2e8d7]  (no source info available)
C  [ntdll.dll+0x8c3fc]  (no source info available)

Lock stack of current Java thread (top to bottom):


---------------  P R O C E S S  ---------------

Threads class SMR info:
_java_thread_list=0x000002705c58a770, length=20, elements={
0x00000270302a9100, 0x0000027056e8b370, 0x0000027056e8bb30, 0x0000027056e8c6f0,
0x0000027056e8ceb0, 0x0000027056e90ac0, 0x000002702fff63b0, 0x0000027056e98220,
0x0000027056e9b250, 0x000002702fffa230, 0x000002702fff6b80, 0x000002705ccf3e30,
0x000002705c335e80, 0x000002705c336690, 0x000002705cc27c80, 0x000002705cc2a4d0,
0x000002705cc2bd00, 0x000002705cc28490, 0x000002705cc2c510, 0x000002705cc29cc0
}

Java Threads: ( => current thread )
  0x00000270302a9100 JavaThread "main"                              [_thread_in_native, id=6136, stack(0x000000c668c00000,0x000000c668d00000) (1024K)]
  0x0000027056e8b370 JavaThread "Reference Handler"          daemon [_thread_blocked, id=19644, stack(0x000000c669900000,0x000000c669a00000) (1024K)]
  0x0000027056e8bb30 JavaThread "Finalizer"                  daemon [_thread_blocked, id=21920, stack(0x000000c669a00000,0x000000c669b00000) (1024K)]
  0x0000027056e8c6f0 JavaThread "Signal Dispatcher"          daemon [_thread_blocked, id=32024, stack(0x000000c669b00000,0x000000c669c00000) (1024K)]
  0x0000027056e8ceb0 JavaThread "Attach Listener"            daemon [_thread_blocked, id=31240, stack(0x000000c669c00000,0x000000c669d00000) (1024K)]
  0x0000027056e90ac0 JavaThread "Service Thread"             daemon [_thread_blocked, id=31028, stack(0x000000c669d00000,0x000000c669e00000) (1024K)]
  0x000002702fff63b0 JavaThread "Monitor Deflation Thread"   daemon [_thread_blocked, id=26836, stack(0x000000c669e00000,0x000000c669f00000) (1024K)]
=>0x0000027056e98220 JavaThread "C2 CompilerThread0"         daemon [_thread_in_native, id=34696, stack(0x000000c669f00000,0x000000c66a000000) (1024K)]
  0x0000027056e9b250 JavaThread "C1 CompilerThread0"         daemon [_thread_blocked, id=10476, stack(0x000000c66a000000,0x000000c66a100000) (1024K)]
  0x000002702fffa230 JavaThread "Notification Thread"        daemon [_thread_blocked, id=8488, stack(0x000000c66a200000,0x000000c66a300000) (1024K)]
  0x000002702fff6b80 JavaThread "Common-Cleaner"             daemon [_thread_blocked, id=28740, stack(0x000000c66a300000,0x000000c66a400000) (1024K)]
  0x000002705ccf3e30 JavaThread "Thread-1"                   daemon [_thread_blocked, id=16912, stack(0x000000c66ab00000,0x000000c66ac00000) (1024K)]
  0x000002705c335e80 JavaThread "C1 CompilerThread1"         daemon [_thread_blocked, id=5148, stack(0x000000c66a100000,0x000000c66a200000) (1024K)]
  0x000002705c336690 JavaThread "C1 CompilerThread2"         daemon [_thread_blocked, id=24024, stack(0x000000c66a500000,0x000000c66a600000) (1024K)]
  0x000002705cc27c80 JavaThread "C2 CompilerThread1"         daemon [_thread_blocked, id=26152, stack(0x000000c66a600000,0x000000c66a700000) (1024K)]
  0x000002705cc2a4d0 JavaThread "C2 CompilerThread2"         daemon [_thread_blocked, id=13768, stack(0x000000c66a700000,0x000000c66a800000) (1024K)]
  0x000002705cc2bd00 JavaThread "C2 CompilerThread3"         daemon [_thread_blocked, id=15944, stack(0x000000c66a800000,0x000000c66a900000) (1024K)]
  0x000002705cc28490 JavaThread "C2 CompilerThread4"         daemon [_thread_blocked, id=6880, stack(0x000000c66a900000,0x000000c66aa00000) (1024K)]
  0x000002705cc2c510 JavaThread "C2 CompilerThread5"         daemon [_thread_blocked, id=21408, stack(0x000000c66aa00000,0x000000c66ab00000) (1024K)]
  0x000002705cc29cc0 JavaThread "C2 CompilerThread6"         daemon [_thread_blocked, id=30236, stack(0x000000c66b700000,0x000000c66b800000) (1024K)]
Total: 20

Other Threads:
  0x0000027030009840 VMThread "VM Thread"                           [id=32424, stack(0x000000c669800000,0x000000c669900000) (1024K)]
  0x000002702fff3070 WatcherThread "VM Periodic Task Thread"        [id=22980, stack(0x000000c669700000,0x000000c669800000) (1024K)]
  0x000002702ff07940 WorkerThread "GC Thread#0"                     [id=24256, stack(0x000000c669200000,0x000000c669300000) (1024K)]
  0x000002705d42ba60 WorkerThread "GC Thread#1"                     [id=12904, stack(0x000000c66ac00000,0x000000c66ad00000) (1024K)]
  0x000002705cb3ed10 WorkerThread "GC Thread#2"                     [id=8732, stack(0x000000c66ad00000,0x000000c66ae00000) (1024K)]
  0x000002705cb3f140 WorkerThread "GC Thread#3"                     [id=7124, stack(0x000000c66ae00000,0x000000c66af00000) (1024K)]
  0x000002705cb3f570 WorkerThread "GC Thread#4"                     [id=10496, stack(0x000000c66af00000,0x000000c66b000000) (1024K)]
  0x000002705cb3f9a0 WorkerThread "GC Thread#5"                     [id=32292, stack(0x000000c66b000000,0x000000c66b100000) (1024K)]
  0x000002705cddace0 WorkerThread "GC Thread#6"                     [id=23152, stack(0x000000c66b100000,0x000000c66b200000) (1024K)]
  0x000002705cddb110 WorkerThread "GC Thread#7"                     [id=31312, stack(0x000000c66b200000,0x000000c66b300000) (1024K)]
  0x000002705cddb540 WorkerThread "GC Thread#8"                     [id=34268, stack(0x000000c66b300000,0x000000c66b400000) (1024K)]
  0x000002705c341f30 WorkerThread "GC Thread#9"                     [id=18004, stack(0x000000c66b400000,0x000000c66b500000) (1024K)]
  0x000002705c3409a0 WorkerThread "GC Thread#10"                    [id=3152, stack(0x000000c66b500000,0x000000c66b600000) (1024K)]
  0x000002705c340df0 WorkerThread "GC Thread#11"                    [id=25672, stack(0x000000c66b600000,0x000000c66b700000) (1024K)]
  0x000002705d517850 WorkerThread "GC Thread#12"                    [id=9404, stack(0x000000c66b900000,0x000000c66ba00000) (1024K)]
  0x000002705d513bf0 WorkerThread "GC Thread#13"                    [id=22664, stack(0x000000c66ba00000,0x000000c66bb00000) (1024K)]
  0x000002705d516b60 WorkerThread "GC Thread#14"                    [id=24960, stack(0x000000c66bb00000,0x000000c66bc00000) (1024K)]
  0x000002702ff20db0 ConcurrentGCThread "G1 Main Marker"            [id=3876, stack(0x000000c669300000,0x000000c669400000) (1024K)]
  0x000002702ff21600 WorkerThread "G1 Conc#0"                       [id=23548, stack(0x000000c669400000,0x000000c669500000) (1024K)]
  0x000002705d5162c0 WorkerThread "G1 Conc#1"                       [id=10244, stack(0x000000c66bc00000,0x000000c66bd00000) (1024K)]
  0x000002705d514490 WorkerThread "G1 Conc#2"                       [id=24096, stack(0x000000c66bd00000,0x000000c66be00000) (1024K)]
  0x000002705d517ca0 WorkerThread "G1 Conc#3"                       [id=36800, stack(0x000000c66be00000,0x000000c66bf00000) (1024K)]
  0x000002705d514040 WorkerThread "G1 Conc#4"                       [id=20760, stack(0x000000c66bf00000,0x000000c66c000000) (1024K)]
  0x000002705d516710 WorkerThread "G1 Conc#5"                       [id=5428, stack(0x000000c66c000000,0x000000c66c100000) (1024K)]
  0x000002702ffd4770 ConcurrentGCThread "G1 Refine#0"               [id=22088, stack(0x000000c669500000,0x000000c669600000) (1024K)]
  0x000002702ffd5030 ConcurrentGCThread "G1 Service"                [id=6768, stack(0x000000c669600000,0x000000c669700000) (1024K)]
Total: 26

Threads with active compile tasks:
C2 CompilerThread0  19219 5764       4       java.lang.invoke.MethodType::makeImpl (109 bytes)
Total: 1

VM state: not at safepoint (normal execution)

VM Mutex/Monitor currently owned by a thread: None

Heap address: 0x0000000603000000, size: 8144 MB, Compressed Oops mode: Zero based, Oop shift amount: 3

CDS archive(s) mapped at: [0x000000000f000000-0x000000000fdd0000-0x000000000fdd0000), size 14483456, SharedBaseAddress: 0x000000000f000000, ArchiveRelocationMode: 1.
Compressed class space mapped at: 0x0000000010000000-0x0000000050000000, reserved size: 1073741824
UseCompressedClassPointers 1, UseCompactObjectHeaders 0
Narrow klass pointer bits 32, Max shift 3
Narrow klass base: 0x000000000f000000, Narrow klass shift: 0
Encoding Range: [0x000000000f000000 - 0x000000010f000000), (4294967296 bytes)
Klass Range:    [0x000000000f010000 - 0x0000000050000000), (1090453504 bytes)
Klass ID Range:  [65536 - 1090519033) (1090453497)
Protection zone: [0x000000000f000000 - 0x000000000f010000), (65536 bytes)

GC Precious Log:
 CardTable entry size: 512
 Card Set container configuration: InlinePtr #cards 4 size 8 Array Of Cards #cards 32 size 80 Howl #buckets 8 coarsen threshold 7372 Howl Bitmap #cards 1024 size 144 coarsen threshold 921 Card regions per heap region 1 cards per card region 8192
 CPUs: 32 total, 32 available
 Memory: 32575M
 Large Page Support: Disabled
 NUMA Support: Disabled
 Compressed Oops: Enabled (Zero based)
 Heap Region Size: 4M
 Heap Min Capacity: 8M
 Heap Initial Capacity: 512M
 Heap Max Capacity: 8144M
 Pre-touch: Disabled
 Parallel Workers: 23
 Concurrent Workers: 6
 Concurrent Refinement Workers: 23
 Periodic GC: Disabled

Heap:
 garbage-first heap   total reserved 8339456K, committed 110592K, used 50183K [0x0000000603000000, 0x0000000800000000)
  region size 4096K, 11 young (45056K), 5 survivors (20480K)

Heap Regions: E=young(eden), S=young(survivor), O=old, HS=humongous(starts), HC=humongous(continues), CS=collection set, F=free, TAMS=top-at-mark-start, PB=parsable bottom
|   0|0x0000000603000000, 0x0000000603400000, 0x0000000603400000|100%|HS|  |TAMS 0x0000000603000000| PB 0x0000000603000000| Complete |  0
|   1|0x0000000603400000, 0x0000000603800000, 0x0000000603800000|100%|HS|  |TAMS 0x0000000603400000| PB 0x0000000603400000| Complete |  0
|   2|0x0000000603800000, 0x0000000603800000, 0x0000000603c00000|  0%| F|  |TAMS 0x0000000603800000| PB 0x0000000603800000| Untracked |  0
|   3|0x0000000603c00000, 0x0000000603c00000, 0x0000000604000000|  0%| F|  |TAMS 0x0000000603c00000| PB 0x0000000603c00000| Untracked |  0
|   4|0x0000000604000000, 0x0000000604000000, 0x0000000604400000|  0%| F|  |TAMS 0x0000000604000000| PB 0x0000000604000000| Untracked |  0
|   5|0x0000000604400000, 0x0000000604400000, 0x0000000604800000|  0%| F|  |TAMS 0x0000000604400000| PB 0x0000000604400000| Untracked |  0
|   6|0x0000000604800000, 0x0000000604800000, 0x0000000604c00000|  0%| F|  |TAMS 0x0000000604800000| PB 0x0000000604800000| Untracked |  0
|   7|0x0000000604c00000, 0x0000000604c00000, 0x0000000605000000|  0%| F|  |TAMS 0x0000000604c00000| PB 0x0000000604c00000| Untracked |  0
|   8|0x0000000605000000, 0x0000000605000000, 0x0000000605400000|  0%| F|  |TAMS 0x0000000605000000| PB 0x0000000605000000| Untracked |  0
|   9|0x0000000605400000, 0x0000000605400000, 0x0000000605800000|  0%| F|  |TAMS 0x0000000605400000| PB 0x0000000605400000| Untracked |  0
|  10|0x0000000605800000, 0x0000000605800000, 0x0000000605c00000|  0%| F|  |TAMS 0x0000000605800000| PB 0x0000000605800000| Untracked |  0
|  11|0x0000000605c00000, 0x0000000605c00000, 0x0000000606000000|  0%| F|  |TAMS 0x0000000605c00000| PB 0x0000000605c00000| Untracked |  0
|  12|0x0000000606000000, 0x0000000606000000, 0x0000000606400000|  0%| F|  |TAMS 0x0000000606000000| PB 0x0000000606000000| Untracked |  0
|  13|0x0000000606400000, 0x0000000606400000, 0x0000000606800000|  0%| F|  |TAMS 0x0000000606400000| PB 0x0000000606400000| Untracked |  0
|  14|0x0000000606800000, 0x0000000606800000, 0x0000000606c00000|  0%| F|  |TAMS 0x0000000606800000| PB 0x0000000606800000| Untracked |  0
|  15|0x0000000606c00000, 0x0000000606e00000, 0x0000000607000000| 50%| E|  |TAMS 0x0000000606c00000| PB 0x0000000606c00000| Complete |  0
|  16|0x0000000607000000, 0x0000000607400000, 0x0000000607400000|100%| E|CS|TAMS 0x0000000607000000| PB 0x0000000607000000| Complete |  0
|  17|0x0000000607400000, 0x0000000607800000, 0x0000000607800000|100%| E|CS|TAMS 0x0000000607400000| PB 0x0000000607400000| Complete |  0
|  18|0x0000000607800000, 0x0000000607c00000, 0x0000000607c00000|100%| E|CS|TAMS 0x0000000607800000| PB 0x0000000607800000| Complete |  0
|  19|0x0000000607c00000, 0x0000000608000000, 0x0000000608000000|100%| E|CS|TAMS 0x0000000607c00000| PB 0x0000000607c00000| Complete |  0
|  77|0x0000000616400000, 0x00000006167dc530, 0x0000000616800000| 96%| S|CS|TAMS 0x0000000616400000| PB 0x0000000616400000| Complete |  0
|  78|0x0000000616800000, 0x0000000616c00000, 0x0000000616c00000|100%| S|CS|TAMS 0x0000000616800000| PB 0x0000000616800000| Complete |  0
|  79|0x0000000616c00000, 0x0000000617000000, 0x0000000617000000|100%| S|CS|TAMS 0x0000000616c00000| PB 0x0000000616c00000| Complete |  0
|  80|0x0000000617000000, 0x0000000617400000, 0x0000000617400000|100%| S|CS|TAMS 0x0000000617000000| PB 0x0000000617000000| Complete |  0
|  81|0x0000000617400000, 0x0000000617800000, 0x0000000617800000|100%| S|CS|TAMS 0x0000000617400000| PB 0x0000000617400000| Complete |  0
| 127|0x0000000622c00000, 0x0000000623000000, 0x0000000623000000|100%| E|CS|TAMS 0x0000000622c00000| PB 0x0000000622c00000| Complete |  0
|2035|0x00000007ffc00000, 0x00000007ffd257b8, 0x0000000800000000| 28%| O|Cm|TAMS 0x00000007ffc00000| PB 0x00000007ffc00000| Complete |  0

Card table byte_map: [0x000002704a440000,0x000002704b430000] _byte_map_base: 0x0000027047428000

Marking Bits: (CMBitMap*) 0x000002702ff07d80
 Bits: [0x000002704b430000, 0x0000027053370000)

Polling page: 0x000002702e160000

Metaspace:
Metaspace        used 26307K, committed 26624K, reserved 1114112K
 class space     used 3105K, committed 3264K, reserved 1048576K

Usage:
  Non-class:     22.66 MB used.
      Class:      3.03 MB used.
       Both:     25.69 MB used.

Virtual space:
  Non-class space:       64.00 MB reserved,      22.81 MB ( 36%) committed,  1 nodes.
      Class space:        1.00 GB reserved,       3.19 MB ( <1%) committed,  1 nodes.
             Both:        1.06 GB reserved,      26.00 MB (  2%) committed. 

Chunk freelists:
   Non-Class:  8.27 MB
       Class:  12.76 MB
        Both:  21.02 MB

MaxMetaspaceSize: unlimited
CompressedClassSpaceSize: 1.00 GB
Initial GC threshold: 21.00 MB
Current GC threshold: 35.25 MB
CDS: on
 - commit_granule_bytes: 65536.
 - commit_granule_words: 8192.
 - virtual_space_node_default_size: 8388608.
 - enlarge_chunks_in_place: 1.
UseCompressedClassPointers 1, UseCompactObjectHeaders 0
Narrow klass pointer bits 32, Max shift 3
Narrow klass base: 0x000000000f000000, Narrow klass shift: 0
Encoding Range: [0x000000000f000000 - 0x000000010f000000), (4294967296 bytes)
Klass Range:    [0x000000000f010000 - 0x0000000050000000), (1090453504 bytes)
Klass ID Range:  [65536 - 1090519033) (1090453497)
Protection zone: [0x000000000f000000 - 0x000000000f010000), (65536 bytes)


Internal statistics:

num_allocs_failed_limit: 3.
num_arena_births: 200.
num_arena_deaths: 0.
num_vsnodes_births: 2.
num_vsnodes_deaths: 0.
num_space_committed: 416.
num_space_uncommitted: 0.
num_chunks_returned_to_freelist: 3.
num_chunks_taken_from_freelist: 1145.
num_chunk_merges: 3.
num_chunk_splits: 803.
num_chunks_enlarged: 652.
num_inconsistent_stats: 0.

CodeHeap 'non-profiled nmethods': size=118912Kb used=2617Kb max_used=2617Kb free=116294Kb
 bounds [0x0000027040680000, 0x0000027040910000, 0x0000027047aa0000]
CodeHeap 'profiled nmethods': size=118848Kb used=11617Kb max_used=11617Kb free=107230Kb
 bounds [0x0000027038aa0000, 0x0000027039600000, 0x000002703feb0000]
CodeHeap 'non-nmethods': size=8000Kb used=2572Kb max_used=3699Kb free=5427Kb
 bounds [0x000002703feb0000, 0x0000027040270000, 0x0000027040680000]
CodeCache: size=245760Kb, used=16806Kb, max_used=17933Kb, free=228951Kb
 total_blobs=7219, nmethods=6650, adapters=469, full_count=0
Compilation: enabled, stopped_count=0, restarted_count=0

Compilation events (20 events):
Event: 17.015 Thread 0x000002705d73ef70 nmethod 5761 0x0000027039413308 code [0x0000027039413400, 0x0000027039413c80]
Event: 17.015 Thread 0x0000027056e98220 5762       4       java.util.Arrays$ArrayItr::hasNext (18 bytes)
Event: 17.015 Thread 0x0000027056e98220 nmethod 5762 0x0000027040894888 code [0x0000027040894980, 0x0000027040894a20]
Event: 17.015 Thread 0x0000027056e98220 5763       4       jdk.internal.classfile.impl.BufWriterImpl::patchInt (41 bytes)
Event: 17.016 Thread 0x000002705c336690 5765       3       java.lang.invoke.InfoFromMemberName::getModifiers (8 bytes)
Event: 17.016 Thread 0x000002705c336690 nmethod 5765 0x0000027039413d08 code [0x0000027039413e00, 0x0000027039413ff8]
Event: 17.016 Thread 0x0000027056e98220 nmethod 5763 0x0000027040894b88 code [0x0000027040894c80, 0x0000027040894d98]
Event: 17.016 Thread 0x0000027056e98220 5764       4       java.lang.invoke.MethodType::makeImpl (109 bytes)
Event: 17.019 Thread 0x000002705c336690 5766       3       jdk.internal.classfile.impl.StackMapGenerator$Frame::initializeObject (90 bytes)
Event: 17.019 Thread 0x000002705c336690 nmethod 5766 0x0000027039414008 code [0x0000027039414100, 0x0000027039414908]
Event: 17.020 Thread 0x0000027056e9b250 5768       1       java.nio.MappedByteBuffer::fileDescriptor (5 bytes)
Event: 17.020 Thread 0x000002705d73ef70 5769       1       java.nio.MappedByteBuffer::isSync (5 bytes)
Event: 17.020 Thread 0x000002705d73ef70 nmethod 5769 0x0000027040894e88 code [0x0000027040894f80, 0x0000027040895048]
Event: 17.020 Thread 0x0000027056e9b250 nmethod 5768 0x0000027040895188 code [0x0000027040895280, 0x0000027040895348]
Event: 17.021 Thread 0x0000027056e9b250 5770       1       jdk.internal.loader.BuiltinClassLoader$LoadedModule::mref (5 bytes)
Event: 17.021 Thread 0x000002705c335e80 5771       3       java.nio.Buffer::<init> (105 bytes)
Event: 17.021 Thread 0x0000027056e9b250 nmethod 5770 0x0000027040895488 code [0x0000027040895580, 0x0000027040895648]
Event: 17.021 Thread 0x000002705c335e80 nmethod 5771 0x0000027039414988 code [0x0000027039414a80, 0x0000027039415958]
Event: 17.023 Thread 0x000002705d73ef70 5772       1       java.nio.DirectByteBufferR::isDirect (2 bytes)
Event: 17.023 Thread 0x000002705d73ef70 nmethod 5772 0x0000027040895c08 code [0x0000027040895d00, 0x0000027040895dc8]

GC Heap Usage History (2 events):
Event: 0.756 {heap Before GC invocations=0 (full 0):
 garbage-first heap   total reserved 8339456K, committed 528384K, used 50325K [0x0000000603000000, 0x0000000800000000)
  region size 4096K, 12 young (49152K), 0 survivors (0K)
}
Event: 0.759 {heap After GC invocations=1 (full 0):
 garbage-first heap   total reserved 8339456K, committed 528384K, used 5662K [0x0000000603000000, 0x0000000800000000)
  region size 4096K, 2 young (8192K), 2 survivors (8192K)
}

Metaspace Usage History (2 events):
Event: 0.756 {metaspace Before GC invocations=0 (full 0):
 Metaspace       used 8345K, committed 8512K, reserved 1114112K
  class space    used 1018K, committed 1088K, reserved 1048576K
}
Event: 0.759 {metaspace After GC invocations=1 (full 0):
 Metaspace       used 8345K, committed 8512K, reserved 1114112K
  class space    used 1018K, committed 1088K, reserved 1048576K
}

Dll operation events (7 events):
Event: 0.117 Loaded shared library C:\Program Files\Java\jdk-25.0.2\bin\java.dll
Event: 0.152 Loaded shared library C:\Program Files\Java\jdk-25.0.2\bin\net.dll
Event: 0.160 Loaded shared library C:\Program Files\Java\jdk-25.0.2\bin\nio.dll
Event: 0.164 Loaded shared library C:\Program Files\Java\jdk-25.0.2\bin\zip.dll
Event: 0.268 Loaded shared library C:\Program Files\Java\jdk-25.0.2\bin\jimage.dll
Event: 0.271 Loaded shared library C:\Users\Administrator\.m2\wrapper\dists\apache-maven-3.9.14\ed7edd442f634ac1c1ef5ba2b61b6d690b5221091f1a8e1123f5fadcc967520d\lib\jansi-native\Windows\x86_64\jansi.dll
Event: 0.284 Loaded shared library C:\Program Files\Java\jdk-25.0.2\bin\verify.dll

Deoptimization events (20 events):
Event: 16.830 Thread 0x00000270302a9100 Uncommon trap: trap_request=0xffffffbe fr.pc=0x000002704074b590 relative=0x0000000000000e90
Event: 16.830 Thread 0x00000270302a9100 Uncommon trap: reason=profile_predicate action=maybe_recompile pc=0x000002704074b590 method=java.util.TimSort.binarySort([Ljava/lang/Object;IIILjava/util/Comparator;)V @ 34 c2
Event: 16.830 Thread 0x00000270302a9100 DEOPT PACKING pc=0x000002704074b590 sp=0x000000c668cfe360
Event: 16.830 Thread 0x00000270302a9100 DEOPT UNPACKING pc=0x000002703ffd3202 sp=0x000000c668cfe320 mode 2
Event: 16.830 Thread 0x00000270302a9100 Uncommon trap: trap_request=0xffffffbe fr.pc=0x000002704074b590 relative=0x0000000000000e90
Event: 16.830 Thread 0x00000270302a9100 Uncommon trap: reason=profile_predicate action=maybe_recompile pc=0x000002704074b590 method=java.util.TimSort.binarySort([Ljava/lang/Object;IIILjava/util/Comparator;)V @ 34 c2
Event: 16.830 Thread 0x00000270302a9100 DEOPT PACKING pc=0x000002704074b590 sp=0x000000c668cfe360
Event: 16.830 Thread 0x00000270302a9100 DEOPT UNPACKING pc=0x000002703ffd3202 sp=0x000000c668cfe320 mode 2
Event: 16.830 Thread 0x00000270302a9100 Uncommon trap: trap_request=0xffffffbe fr.pc=0x000002704074b590 relative=0x0000000000000e90
Event: 16.830 Thread 0x00000270302a9100 Uncommon trap: reason=profile_predicate action=maybe_recompile pc=0x000002704074b590 method=java.util.TimSort.binarySort([Ljava/lang/Object;IIILjava/util/Comparator;)V @ 34 c2
Event: 16.830 Thread 0x00000270302a9100 DEOPT PACKING pc=0x000002704074b590 sp=0x000000c668cfe360
Event: 16.830 Thread 0x00000270302a9100 DEOPT UNPACKING pc=0x000002703ffd3202 sp=0x000000c668cfe320 mode 2
Event: 16.835 Thread 0x00000270302a9100 Uncommon trap: trap_request=0xffffff45 fr.pc=0x00000270407526c4 relative=0x00000000000000c4
Event: 16.835 Thread 0x00000270302a9100 Uncommon trap: reason=unstable_if action=reinterpret pc=0x00000270407526c4 method=java.util.Spliterator.getExactSizeIfKnown()J @ 9 c2
Event: 16.835 Thread 0x00000270302a9100 DEOPT PACKING pc=0x00000270407526c4 sp=0x000000c668cfe5c0
Event: 16.835 Thread 0x00000270302a9100 DEOPT UNPACKING pc=0x000002703ffd3202 sp=0x000000c668cfe558 mode 2
Event: 17.028 Thread 0x00000270302a9100 DEOPT PACKING pc=0x000002703938cc28 sp=0x000000c668cfde20
Event: 17.028 Thread 0x00000270302a9100 DEOPT UNPACKING pc=0x000002703ff01702 sp=0x000000c668cfd290 mode 0
Event: 17.028 Thread 0x00000270302a9100 DEOPT PACKING pc=0x000002703938f87d sp=0x000000c668cfdfe0
Event: 17.028 Thread 0x00000270302a9100 DEOPT UNPACKING pc=0x000002703ff01702 sp=0x000000c668cfd518 mode 0

Classes loaded (20 events):
Event: 17.013 Loading class java/nio/charset/IllegalCharsetNameException
Event: 17.013 Loading class java/nio/charset/IllegalCharsetNameException done
Event: 17.013 Loading class java/nio/file/ProviderNotFoundException
Event: 17.013 Loading class java/nio/file/ProviderNotFoundException done
Event: 17.017 Loading class java/util/JumboEnumSet
Event: 17.017 Loading class java/util/JumboEnumSet done
Event: 17.019 Loading class java/nio/file/FileSystemNotFoundException
Event: 17.019 Loading class java/nio/file/FileSystemNotFoundException done
Event: 17.019 Loading class java/util/JumboEnumSet$EnumSetIterator
Event: 17.019 Loading class java/util/JumboEnumSet$EnumSetIterator done
Event: 17.020 Loading class java/util/MissingResourceException
Event: 17.020 Loading class java/util/MissingResourceException done
Event: 17.021 Loading class java/util/ResourceBundle$CacheKey
Event: 17.021 Loading class java/util/ResourceBundle$CacheKey done
Event: 17.021 Loading class java/util/ResourceBundle$KeyElementReference
Event: 17.021 Loading class java/util/ResourceBundle$CacheKeyReference
Event: 17.021 Loading class java/util/ResourceBundle$CacheKeyReference done
Event: 17.021 Loading class java/util/ResourceBundle$KeyElementReference done
Event: 17.022 Loading class java/util/ResourceBundle$BundleReference
Event: 17.022 Loading class java/util/ResourceBundle$BundleReference done

Classes unloaded (0 events):
No events

Classes redefined (0 events):
No events

Internal exceptions (20 events):
Event: 14.264 Thread 0x00000270302a9100 Exception <a 'sun/nio/fs/WindowsException'{0x000000061a3c2d08}> (0x000000061a3c2d08) 
thrown [s\open\src\hotspot\share\prims\jni.cpp, line 516]
Event: 16.296 Thread 0x00000270302a9100 Exception <a 'sun/nio/fs/WindowsException'{0x000000061a3c4748}> (0x000000061a3c4748) 
thrown [s\open\src\hotspot\share\prims\jni.cpp, line 516]
Event: 16.303 Thread 0x00000270302a9100 Exception <a 'sun/nio/fs/WindowsException'{0x000000061a3c6318}> (0x000000061a3c6318) 
thrown [s\open\src\hotspot\share\prims\jni.cpp, line 516]
Event: 16.309 Thread 0x00000270302a9100 Exception <a 'sun/nio/fs/WindowsException'{0x000000061a3c7e50}> (0x000000061a3c7e50) 
thrown [s\open\src\hotspot\share\prims\jni.cpp, line 516]
Event: 16.315 Thread 0x00000270302a9100 Exception <a 'sun/nio/fs/WindowsException'{0x000000061a3c9608}> (0x000000061a3c9608) 
thrown [s\open\src\hotspot\share\prims\jni.cpp, line 516]
Event: 16.322 Thread 0x00000270302a9100 Exception <a 'sun/nio/fs/WindowsException'{0x000000061a3cacb8}> (0x000000061a3cacb8) 
thrown [s\open\src\hotspot\share\prims\jni.cpp, line 516]
Event: 16.327 Thread 0x00000270302a9100 Exception <a 'sun/nio/fs/WindowsException'{0x000000061a3cc210}> (0x000000061a3cc210) 
thrown [s\open\src\hotspot\share\prims\jni.cpp, line 516]
Event: 16.332 Thread 0x00000270302a9100 Exception <a 'sun/nio/fs/WindowsException'{0x000000061a3cdbb8}> (0x000000061a3cdbb8) 
thrown [s\open\src\hotspot\share\prims\jni.cpp, line 516]
Event: 16.337 Thread 0x00000270302a9100 Exception <a 'sun/nio/fs/WindowsException'{0x000000061a3cf178}> (0x000000061a3cf178) 
thrown [s\open\src\hotspot\share\prims\jni.cpp, line 516]
Event: 16.342 Thread 0x00000270302a9100 Exception <a 'sun/nio/fs/WindowsException'{0x000000061a3d0700}> (0x000000061a3d0700) 
thrown [s\open\src\hotspot\share\prims\jni.cpp, line 516]
Event: 16.348 Thread 0x00000270302a9100 Exception <a 'sun/nio/fs/WindowsException'{0x000000061a3d1c68}> (0x000000061a3d1c68) 
thrown [s\open\src\hotspot\share\prims\jni.cpp, line 516]
Event: 16.352 Thread 0x00000270302a9100 Exception <a 'sun/nio/fs/WindowsException'{0x000000061a3d31b0}> (0x000000061a3d31b0) 
thrown [s\open\src\hotspot\share\prims\jni.cpp, line 516]
Event: 16.357 Thread 0x00000270302a9100 Exception <a 'sun/nio/fs/WindowsException'{0x000000061a3d46e8}> (0x000000061a3d46e8) 
thrown [s\open\src\hotspot\share\prims\jni.cpp, line 516]
Event: 16.711 Thread 0x00000270302a9100 Exception <a 'java/io/IOException'{0x0000000619137bd0}> (0x0000000619137bd0) 
thrown [s\open\src\hotspot\share\prims\jni.cpp, line 516]
Event: 16.817 Thread 0x00000270302a9100 Exception <a 'java/io/IOException'{0x00000006192ac6f0}> (0x00000006192ac6f0) 
thrown [s\open\src\hotspot\share\prims\jni.cpp, line 516]
Event: 16.821 Thread 0x00000270302a9100 Exception <a 'java/io/IOException'{0x00000006192ace28}> (0x00000006192ace28) 
thrown [s\open\src\hotspot\share\prims\jni.cpp, line 516]
Event: 16.825 Thread 0x00000270302a9100 Exception <a 'java/io/IOException'{0x00000006192ad550}> (0x00000006192ad550) 
thrown [s\open\src\hotspot\share\prims\jni.cpp, line 516]
Event: 16.828 Thread 0x00000270302a9100 Exception <a 'sun/nio/fs/WindowsException'{0x00000006192ae280}> (0x00000006192ae280) 
thrown [s\open\src\hotspot\share\prims\jni.cpp, line 516]
Event: 16.835 Thread 0x00000270302a9100 Exception <a 'java/lang/IncompatibleClassChangeError'{0x00000006192f4f20}: Found class java.lang.Object, but interface was expected> (0x00000006192f4f20) 
thrown [s\open\src\hotspot\share\interpreter\linkResolver.cpp, line 871]
Event: 16.836 Thread 0x00000270302a9100 Exception <a 'java/lang/NoSuchMethodError'{0x00000006193053d0}: 'void java.lang.invoke.DirectMethodHandle$Holder.invokeInterface(java.lang.Object, java.lang.Object, java.lang.Object)'> (0x00000006193053d0) 
thrown [s\open\src\hotspot\share\interpreter\linkResolver.cpp, line 804]

VM Operations (20 events):
Event: 0.981 Executing non-safepoint VM operation: HandshakeAllThreads (Deoptimize)
Event: 0.981 Executing non-safepoint VM operation: HandshakeAllThreads (Deoptimize) done
Event: 1.019 Executing non-safepoint VM operation: HandshakeAllThreads (Deoptimize)
Event: 1.019 Executing non-safepoint VM operation: HandshakeAllThreads (Deoptimize) done
Event: 1.030 Executing non-safepoint VM operation: HandshakeAllThreads (Deoptimize)
Event: 1.030 Executing non-safepoint VM operation: HandshakeAllThreads (Deoptimize) done
Event: 1.044 Executing non-safepoint VM operation: HandshakeAllThreads (Deoptimize)
Event: 1.044 Executing non-safepoint VM operation: HandshakeAllThreads (Deoptimize) done
Event: 1.052 Executing non-safepoint VM operation: HandshakeAllThreads (Deoptimize)
Event: 1.052 Executing non-safepoint VM operation: HandshakeAllThreads (Deoptimize) done
Event: 1.066 Executing non-safepoint VM operation: HandshakeAllThreads (Deoptimize)
Event: 1.066 Executing non-safepoint VM operation: HandshakeAllThreads (Deoptimize) done
Event: 1.066 Executing non-safepoint VM operation: HandshakeAllThreads (Deoptimize)
Event: 1.066 Executing non-safepoint VM operation: HandshakeAllThreads (Deoptimize) done
Event: 2.909 Executing non-safepoint VM operation: HandshakeAllThreads (Deoptimize)
Event: 2.909 Executing non-safepoint VM operation: HandshakeAllThreads (Deoptimize) done
Event: 16.829 Executing non-safepoint VM operation: HandshakeAllThreads (Deoptimize)
Event: 16.829 Executing non-safepoint VM operation: HandshakeAllThreads (Deoptimize) done
Event: 17.017 Executing non-safepoint VM operation: HandshakeAllThreads (Deoptimize)
Event: 17.017 Executing non-safepoint VM operation: HandshakeAllThreads (Deoptimize) done

Memory protections (0 events):
No events

Nmethod flushes (0 events):
No events

Events (20 events):
Event: 0.488 Thread 0x000002705c127210 Thread added: 0x000002705c334650
Event: 0.488 Thread 0x000002705c127210 Thread added: 0x000002705c336ea0
Event: 0.791 Thread 0x000002705c336ea0 Thread exited: 0x000002705c336ea0
Event: 1.052 Thread 0x00000270302a9100 Thread added: 0x000002705ccf3e30
Event: 1.880 Thread 0x000002705c334650 Thread exited: 0x000002705c334650
Event: 1.972 Thread 0x000002705c336690 Thread exited: 0x000002705c336690
Event: 2.548 Thread 0x000002705c335e80 Thread exited: 0x000002705c335e80
Event: 2.548 Thread 0x000002705c335670 Thread exited: 0x000002705c335670
Event: 2.564 Thread 0x000002705c127a20 Thread added: 0x000002705c335670
Event: 2.744 Thread 0x000002705c335670 Thread exited: 0x000002705c335670
Event: 2.781 Thread 0x0000027057559f20 Thread exited: 0x0000027057559f20
Event: 4.949 Thread 0x000002705c127a20 Thread exited: 0x000002705c127a20
Event: 6.992 Thread 0x000002705c127210 Thread exited: 0x000002705c127210
Event: 7.645 Thread 0x000002702ffff7f0 Thread exited: 0x000002702ffff7f0
Event: 13.084 Thread 0x0000027056e9b250 Thread added: 0x000002705c335e80
Event: 16.331 Thread 0x000002705c335e80 Thread exited: 0x000002705c335e80
Event: 16.510 Thread 0x0000027056e9b250 Thread added: 0x000002705c335e80
Event: 16.510 Thread 0x0000027056e9b250 Thread added: 0x000002705c336690
Event: 16.510 Thread 0x0000027056e9b250 Thread added: 0x000002705d740fb0
Event: 16.510 Thread 0x0000027056e9b250 Thread added: 0x000002705d73ef70


Dynamic libraries:
0x00007ff717ee0000 - 0x00007ff717ef0000 	C:\Program Files\Java\jdk-25.0.2\bin\java.exe
0x00007ffb41460000 - 0x00007ffb416c7000 	C:\WINDOWS\SYSTEM32\ntdll.dll
0x00007ffb40620000 - 0x00007ffb406e9000 	C:\WINDOWS\System32\KERNEL32.DLL
0x00007ffb3dd30000 - 0x00007ffb3e124000 	C:\WINDOWS\System32\KERNELBASE.dll
0x00007ffae8ee0000 - 0x00007ffae8f8e000 	c:\Users\Administrator\AppData\Local\Programs\Trae\resources\app\modules\sandbox\x64\trae_sbox.dll
0x00007ffb40560000 - 0x00007ffb40616000 	C:\WINDOWS\System32\ADVAPI32.dll
0x00007ffb41190000 - 0x00007ffb41239000 	C:\WINDOWS\System32\msvcrt.dll
0x00007ffb40a40000 - 0x00007ffb40ae7000 	C:\WINDOWS\System32\sechost.dll
0x00007ffb40800000 - 0x00007ffb40918000 	C:\WINDOWS\System32\RPCRT4.dll
0x00007ffb3ef30000 - 0x00007ffb3f07b000 	C:\WINDOWS\System32\ucrtbase.dll
0x00007ffb15a20000 - 0x00007ffb15a37000 	C:\Program Files\Java\jdk-25.0.2\bin\jli.dll
0x00007ffb157f0000 - 0x00007ffb1580e000 	C:\Program Files\Java\jdk-25.0.2\bin\VCRUNTIME140.dll
0x00007ffb40af0000 - 0x00007ffb40cb5000 	C:\WINDOWS\System32\USER32.dll
0x00007ffb3ed80000 - 0x00007ffb3eda7000 	C:\WINDOWS\System32\win32u.dll
0x00007ffb41160000 - 0x00007ffb4118b000 	C:\WINDOWS\System32\GDI32.dll
0x00007ffb3e1f0000 - 0x00007ffb3e31b000 	C:\WINDOWS\System32\gdi32full.dll
0x00007ffb22b60000 - 0x00007ffb22df3000 	C:\WINDOWS\WinSxS\amd64_microsoft.windows.common-controls_6595b64144ccf1df_6.0.26100.8115_none_3e075c82e3354f9c\COMCTL32.dll
0x00007ffb3e460000 - 0x00007ffb3e503000 	C:\WINDOWS\System32\msvcp_win.dll
0x00007ffae9ec0000 - 0x00007ffae9f4f000 	c:\Users\Administrator\AppData\Local\Programs\Trae\resources\app\modules\sandbox\x64\sbox_ipc.dll
0x00007ffb3ffd0000 - 0x00007ffb40002000 	C:\WINDOWS\System32\IMM32.DLL
0x00007ffb3bbc0000 - 0x00007ffb3be02000 	C:\WINDOWS\SYSTEM32\dbghelp.dll
0x00007ffb40110000 - 0x00007ffb40492000 	C:\WINDOWS\System32\combase.dll
0x00007ffb3fef0000 - 0x00007ffb3ffc8000 	C:\WINDOWS\System32\OLEAUT32.dll
0x00007ffb1f120000 - 0x00007ffb1f12c000 	C:\Program Files\Java\jdk-25.0.2\bin\vcruntime140_1.dll
0x00007ffb20a90000 - 0x00007ffb20acb000 	C:\WINDOWS\SYSTEM32\dbgcore.DLL
0x00007ffae8920000 - 0x00007ffae89ad000 	C:\Program Files\Java\jdk-25.0.2\bin\msvcp140.dll
0x00007ffa62320000 - 0x00007ffa6317f000 	C:\Program Files\Java\jdk-25.0.2\bin\server\jvm.dll
0x00007ffb406f0000 - 0x00007ffb40770000 	C:\WINDOWS\System32\WS2_32.dll
0x00007ffb3db90000 - 0x00007ffb3dbee000 	C:\WINDOWS\SYSTEM32\POWRPROF.dll
0x00007ffb3ab30000 - 0x00007ffb3ab66000 	C:\WINDOWS\SYSTEM32\WINMM.dll
0x00007ffb37360000 - 0x00007ffb3736b000 	C:\WINDOWS\SYSTEM32\VERSION.dll
0x00007ffb3dac0000 - 0x00007ffb3dad4000 	C:\WINDOWS\SYSTEM32\UMPDC.dll
0x00007ffb3ca80000 - 0x00007ffb3ca9b000 	C:\WINDOWS\SYSTEM32\kernel.appcore.dll
0x00007ffb1c2f0000 - 0x00007ffb1c2fa000 	C:\Program Files\Java\jdk-25.0.2\bin\jimage.dll
0x00007ffb3e320000 - 0x00007ffb3e3c5000 	C:\WINDOWS\System32\bcryptPrimitives.dll
0x00007ffb3c550000 - 0x00007ffb3c682000 	C:\WINDOWS\SYSTEM32\dnsapi.dll
0x00007ffb3c460000 - 0x00007ffb3c492000 	C:\WINDOWS\SYSTEM32\IPHLPAPI.DLL
0x00007ffb40a30000 - 0x00007ffb40a3a000 	C:\WINDOWS\System32\NSI.dll
0x00007ffb3f2b0000 - 0x00007ffb3fa17000 	C:\WINDOWS\System32\Shell32.dll
0x00007ffb3f080000 - 0x00007ffb3f1ea000 	C:\WINDOWS\System32\wintypes.dll
0x00007ffb3e510000 - 0x00007ffb3ed78000 	C:\WINDOWS\System32\windows.storage.dll
0x00007ffb40cc0000 - 0x00007ffb40db8000 	C:\WINDOWS\System32\shcore.dll
0x00007ffb3b300000 - 0x00007ffb3b3a9000 	C:\WINDOWS\system32\uxtheme.dll
0x00007ffb3f1f0000 - 0x00007ffb3f256000 	C:\WINDOWS\System32\shlwapi.dll
0x00007ffb404a0000 - 0x00007ffb4054e000 	C:\WINDOWS\System32\clbcatq.dll
0x00007ffb2eae0000 - 0x00007ffb2f133000 	C:\Windows\System32\OneCoreUAPCommonProxyStub.dll
0x00007ffb40fc0000 - 0x00007ffb41157000 	C:\WINDOWS\System32\ole32.dll
0x00007ffb3d910000 - 0x00007ffb3d961000 	C:\WINDOWS\SYSTEM32\CFGMGR32.dll
0x00007ffb38bd0000 - 0x00007ffb38cd3000 	C:\WINDOWS\system32\propsys.dll
0x00007ffb19090000 - 0x00007ffb1926f000 	C:\Windows\System32\urlmon.dll
0x00007ffb18dc0000 - 0x00007ffb19084000 	C:\Windows\System32\iertutil.dll
0x00007ffb206d0000 - 0x00007ffb206f9000 	C:\Windows\System32\srvcli.dll
0x00007ffb3c420000 - 0x00007ffb3c42d000 	C:\Windows\System32\netutils.dll
0x00007ffb0c550000 - 0x00007ffb0c6c8000 	C:\Windows\System32\Windows.System.Launcher.dll
0x00007ffb28510000 - 0x00007ffb2852d000 	C:\WINDOWS\SYSTEM32\windows.staterepositorycore.dll
0x00007ffb0c7f0000 - 0x00007ffb0c8b4000 	C:\Windows\System32\Windows.StateRepositoryPS.dll
0x00007ffb3cba0000 - 0x00007ffb3cbd6000 	C:\WINDOWS\SYSTEM32\ntmarta.dll
0x00007ffb0c1c0000 - 0x00007ffb0c280000 	C:\Windows\System32\Windows.FileExplorer.Common.dll
0x00007ffb0b890000 - 0x00007ffb0b8c2000 	C:\Windows\System32\cldapi.dll
0x00007ffb3cd20000 - 0x00007ffb3cd69000 	C:\WINDOWS\SYSTEM32\SspiCli.dll
0x00007ffb3dc20000 - 0x00007ffb3dc4a000 	C:\WINDOWS\SYSTEM32\bcrypt.dll
0x00007ffb3dc50000 - 0x00007ffb3dc79000 	C:\WINDOWS\SYSTEM32\profapi.dll
0x00007ffb150c0000 - 0x00007ffb150df000 	C:\Program Files\Java\jdk-25.0.2\bin\java.dll
0x00007ffb150a0000 - 0x00007ffb150b2000 	C:\Program Files\Java\jdk-25.0.2\bin\net.dll
0x00007ffb3cfd0000 - 0x00007ffb3d03c000 	C:\WINDOWS\system32\mswsock.dll
0x00007ffb15000000 - 0x00007ffb15016000 	C:\Program Files\Java\jdk-25.0.2\bin\nio.dll
0x00007ffb141f0000 - 0x00007ffb14207000 	C:\Program Files\Java\jdk-25.0.2\bin\zip.dll
0x00007ffb005c0000 - 0x00007ffb005e4000 	C:\Users\Administrator\.m2\wrapper\dists\apache-maven-3.9.14\ed7edd442f634ac1c1ef5ba2b61b6d690b5221091f1a8e1123f5fadcc967520d\lib\jansi-native\Windows\x86_64\jansi.dll
0x00007ffb15f00000 - 0x00007ffb15f10000 	C:\Program Files\Java\jdk-25.0.2\bin\verify.dll
0x00007ffb3b050000 - 0x00007ffb3b0ef000 	C:\WINDOWS\SYSTEM32\apphelp.dll
0x00007ffb08050000 - 0x00007ffb080f6000 	C:\WINDOWS\system32\ntshrui.dll
0x00007ffae7260000 - 0x00007ffae81d8000 	C:\Users\Administrator\AppData\Local\Kingsoft\WPS Office\12.1.0.25865\office6\qingnse64.dll
0x00007ffb24770000 - 0x00007ffb24948000 	C:\WINDOWS\WinSxS\amd64_microsoft.windows.gdiplus_6595b64144ccf1df_1.1.26100.8246_none_6ef5395a3dc52f61\gdiplus.dll
0x00007ffb17300000 - 0x00007ffb17515000 	C:\Users\Administrator\AppData\Local\Kingsoft\WPS Office\12.1.0.25865\office6\kbaseconfigcenter64.dll
0x00007ffb3d230000 - 0x00007ffb3d23c000 	C:\WINDOWS\SYSTEM32\CRYPTBASE.DLL
0x00007ffb3feb0000 - 0x00007ffb3feb8000 	C:\WINDOWS\System32\PSAPI.DLL
0x00007ffb40e60000 - 0x00007ffb40fbc000 	C:\WINDOWS\System32\MSCTF.dll
0x00007ffb10cd0000 - 0x00007ffb10ce3000 	C:\WINDOWS\SYSTEM32\cscapi.dll
0x00007ffb40dc0000 - 0x00007ffb40e3c000 	C:\WINDOWS\System32\coml2.dll
0x00007ffb18010000 - 0x00007ffb1801f000 	C:\WINDOWS\SYSTEM32\LINKINFO.dll
0x00007ffb171a0000 - 0x00007ffb171e7000 	C:\WINDOWS\SYSTEM32\windows.staterepositoryclient.dll

JVMTI agents: none

dbghelp: loaded successfully - version: 4.0.5 - missing functions: none
symbol engine: initialized successfully - sym options: 0x614 - pdb path: .;C:\Program Files\Java\jdk-25.0.2\bin;C:\WINDOWS\SYSTEM32;c:\Users\Administrator\AppData\Local\Programs\Trae\resources\app\modules\sandbox\x64;C:\WINDOWS\WinSxS\amd64_microsoft.windows.common-controls_6595b64144ccf1df_6.0.26100.8115_none_3e075c82e3354f9c;C:\Program Files\Java\jdk-25.0.2\bin\server;C:\Users\Administrator\.m2\wrapper\dists\apache-maven-3.9.14\ed7edd442f634ac1c1ef5ba2b61b6d690b5221091f1a8e1123f5fadcc967520d\lib\jansi-native\Windows\x86_64;C:\Users\Administrator\AppData\Local\Kingsoft\WPS Office\12.1.0.25865\office6;C:\WINDOWS\WinSxS\amd64_microsoft.windows.gdiplus_6595b64144ccf1df_1.1.26100.8246_none_6ef5395a3dc52f61

VM Arguments:
jvm_args: --enable-native-access=ALL-UNNAMED -Dclassworlds.conf=C:\Users\Administrator\.m2\wrapper\dists\apache-maven-3.9.14\ed7edd442f634ac1c1ef5ba2b61b6d690b5221091f1a8e1123f5fadcc967520d\bin\m2.conf -Dmaven.home=C:\Users\Administrator\.m2\wrapper\dists\apache-maven-3.9.14\ed7edd442f634ac1c1ef5ba2b61b6d690b5221091f1a8e1123f5fadcc967520d -Dlibrary.jansi.path=C:\Users\Administrator\.m2\wrapper\dists\apache-maven-3.9.14\ed7edd442f634ac1c1ef5ba2b61b6d690b5221091f1a8e1123f5fadcc967520d\lib\jansi-native -Dmaven.multiModuleProjectDirectory=C:\Users\Administrator\Documents\GitHub\A\AzureCanvas-main 
java_command: org.codehaus.plexus.classworlds.launcher.Launcher clean compile
java_class_path (initial): C:\Users\Administrator\.m2\wrapper\dists\apache-maven-3.9.14\ed7edd442f634ac1c1ef5ba2b61b6d690b5221091f1a8e1123f5fadcc967520d\boot\plexus-classworlds-2.9.0.jar
Launcher Type: SUN_STANDARD

[Global flags]
     intx CICompilerCount                          = 15                                        {product} {ergonomic}
     uint ConcGCThreads                            = 6                                         {product} {ergonomic}
     uint G1ConcRefinementThreads                  = 23                                        {product} {ergonomic}
   size_t G1HeapRegionSize                         = 4194304                                   {product} {ergonomic}
   size_t InitialHeapSize                          = 536870912                                 {product} {ergonomic}
   size_t MarkStackSize                            = 4194304                                   {product} {ergonomic}
   size_t MarkStackSizeMax                         = 536870912                                 {product} {ergonomic}
   size_t MaxHeapSize                              = 8539602944                                {product} {ergonomic}
   size_t MaxNewSize                               = 5121245184                                {product} {ergonomic}
   size_t MinHeapDeltaBytes                        = 4194304                                   {product} {ergonomic}
   size_t MinHeapSize                              = 8388608                                   {product} {ergonomic}
    uintx NonNMethodCodeHeapSize                   = 8192000                                {pd product} {ergonomic}
    uintx NonProfiledCodeHeapSize                  = 121765888                              {pd product} {ergonomic}
    uintx ProfiledCodeHeapSize                     = 121700352                              {pd product} {ergonomic}
    uintx ReservedCodeCacheSize                    = 251658240                              {pd product} {ergonomic}
     bool SegmentedCodeCache                       = true                                      {product} {ergonomic}
   size_t SoftMaxHeapSize                          = 8539602944                             {manageable} {ergonomic}
     bool UseCompressedOops                        = true                           {product lp64_product} {ergonomic}
     bool UseG1GC                                  = true                                      {product} {ergonomic}
     bool UseLargePagesIndividualAllocation        = false                                  {pd product} {ergonomic}

Logging:
Log output configuration:
 #0: stdout all=warning uptime,level,tags foldmultilines=false
 #1: stderr all=off uptime,level,tags foldmultilines=false

Release file:
IMPLEMENTOR="Oracle Corporation" 
JAVA_RUNTIME_VERSION="25.0.2+10-LTS-69" 
JAVA_VERSION="25.0.2" 
JAVA_VERSION_DATE="2026-01-20" 
LIBC="default" 
MODULES="java.base java.compiler java.datatransfer java.xml java.prefs java.desktop java.instrument java.logging java.management java.security.sasl java.naming java.rmi java.management.rmi java.net.http java.scripting java.security.jgss java.transaction.xa java.sql java.sql.rowset java.xml.crypto java.se java.smartcardio jdk.accessibility jdk.internal.jvmstat jdk.attach jdk.charsets jdk.internal.opt jdk.zipfs jdk.compiler jdk.crypto.cryptoki jdk.crypto.ec jdk.crypto.mscapi jdk.dynalink jdk.internal.ed jdk.editpad jdk.internal.vm.ci jdk.graal.compiler jdk.graal.compiler.management jdk.hotspot.agent jdk.httpserver jdk.incubator.vector jdk.internal.le jdk.internal.md jdk.jartool jdk.javadoc jdk.jcmd jdk.management jdk.management.agent jdk.jconsole jdk.jdeps jdk.jdwp.agent jdk.jdi jdk.jfr jdk.jlink jdk.jpackage jdk.jshell jdk.jsobject jdk.jstatd jdk.localedata jdk.management.jfr jdk.naming.dns jdk.naming.rmi jdk.net jdk.nio.mapmode jdk.sctp jdk.security.auth jdk.security.jgss jdk.unsupported jdk.unsupported.desktop jdk.xml.dom" 
OS_ARCH="x86_64" 
OS_NAME="Windows" 
SOURCE=".:git:b75efb40c93a open:git:405a5699ebd0" 

Environment Variables:
PATH=c:\\Users\\Administrator\\.trae\\tools\\trae-gopls\\current;c:\\Users\\Administrator\\.trae\\sdks\\workspaces\\d56d4f25\\versions\\node\\current;c:\\Users\\Administrator\\.trae\\sdks\\versions\\node\\current;c:\Users\Administrator\.trae\tools\trae-gopls\current;c:\Users\Administrator\.trae\sdks\workspaces\d56d4f25\versions\node\current;c:\Users\Administrator\.trae\sdks\versions\node\current;C:\Program Files\Common Files\Oracle\Java\javapath;C:\WINDOWS\system32;C:\WINDOWS;C:\WINDOWS\System32\Wbem;C:\WINDOWS\System32\WindowsPowerShell\v1.0\;C:\WINDOWS\System32\OpenSSH\;C:\Program Files\NVIDIA Corporation\NVIDIA App\NvDLISR;C:\Program Files (x86)\NVIDIA Corporation\PhysX\Common;C:\Program Files\Bandizip\;C:\Program Files\JetBrains\mysql\mysql-8.0.43-winx64\bin;C:\Program Files\dotnet\;C:\Program Files\Microsoft SQL Server\170\Tools\Binn\;C:\Program Files (x86)\Windows Kits\10\Windows Performance Toolkit\;C:\Program Files\Git\cmd;C:\Users\Administrator\winlibs-x86_64-posix-seh-gcc-15.2.0-mingw-w64ucrt-14.0.0-r7\mingw64\bin;C:\Users\Administrator\Downloads\node-v24.14.1-win-x64;c:\Users\Administrator\AppData\Local\Programs\Trae\bin;F:\py314\Scripts\;F:\py314\;C:\Users\Administrator\AppData\Local\Microsoft\WindowsApps;C:\Program Files\JetBrains\IntelliJ IDEA 2024.3.2.2\bin;;F:\VS\Microsoft VS Code\bin;C:\Users\Administrator\AppData\Local\GitHubDesktop\bin;c:\Users\Administrator\.trae\extensions\vscjava.vscode-java-debug-0.59.0-universal\bundled\scripts\noConfigScripts
USERNAME=Administrator
LANG=zh_CN.UTF-8
OS=Windows_NT
PROCESSOR_IDENTIFIER=Intel64 Family 6 Model 183 Stepping 1, GenuineIntel
TMP=C:\Users\ADMINI~1\AppData\Local\Temp
TEMP=C:\Users\ADMINI~1\AppData\Local\Temp




Compilation memory statistics disabled.

Periodic native trim disabled

---------------  S Y S T E M  ---------------

OS:
 Windows 11 , 64 bit Build 26100 (10.0.26100.8246)
OS uptime: 3 days 16:57 hours
Hyper-V role detected

CPU: total 32 (initial active 32) (16 cores per cpu, 2 threads per core) family 6 model 183 stepping 1 microcode 0x113, cx8, cmov, fxsr, ht, mmx, 3dnowpref, sse, sse2, sse3, ssse3, sse4.1, sse4.2, popcnt, lzcnt, tsc, tscinvbit, avx, avx2, aes, erms, clmul, bmi1, bmi2, adx, sha, fma, vzeroupper, clflush, clflushopt, clwb, hv, serialize, rdtscp, rdpid, fsrm, gfni, f16c, cet_ibt, cet_ss
Processor Information for processor 0
  Max Mhz: 2200, Current Mhz: 2200, Mhz Limit: 2200
Processor Information for processor 1
  Max Mhz: 2200, Current Mhz: 2200, Mhz Limit: 2200
Processor Information for processor 2
  Max Mhz: 2200, Current Mhz: 2200, Mhz Limit: 2200
Processor Information for processor 3
  Max Mhz: 2200, Current Mhz: 1466, Mhz Limit: 2200
Processor Information for processor 4
  Max Mhz: 2200, Current Mhz: 2200, Mhz Limit: 2200
Processor Information for processor 5
  Max Mhz: 2200, Current Mhz: 2200, Mhz Limit: 2200
Processor Information for processor 6
  Max Mhz: 2200, Current Mhz: 2200, Mhz Limit: 2200
Processor Information for processor 7
  Max Mhz: 2200, Current Mhz: 2200, Mhz Limit: 2200
Processor Information for processor 8
  Max Mhz: 2200, Current Mhz: 2200, Mhz Limit: 2200
Processor Information for processor 9
  Max Mhz: 2200, Current Mhz: 2200, Mhz Limit: 2200
Processor Information for processor 10
  Max Mhz: 2200, Current Mhz: 2200, Mhz Limit: 2200
Processor Information for processor 11
  Max Mhz: 2200, Current Mhz: 2200, Mhz Limit: 2200
Processor Information for processor 12
  Max Mhz: 2200, Current Mhz: 2200, Mhz Limit: 2200
Processor Information for processor 13
  Max Mhz: 2200, Current Mhz: 2200, Mhz Limit: 2200
Processor Information for processor 14
  Max Mhz: 2200, Current Mhz: 2200, Mhz Limit: 2200
Processor Information for processor 15
  Max Mhz: 2200, Current Mhz: 2200, Mhz Limit: 2200
Processor Information for processor 16
  Max Mhz: 2200, Current Mhz: 2200, Mhz Limit: 2200
Processor Information for processor 17
  Max Mhz: 2200, Current Mhz: 1512, Mhz Limit: 2200
Processor Information for processor 18
  Max Mhz: 2200, Current Mhz: 2200, Mhz Limit: 2200
Processor Information for processor 19
  Max Mhz: 2200, Current Mhz: 1512, Mhz Limit: 2200
Processor Information for processor 20
  Max Mhz: 2200, Current Mhz: 1512, Mhz Limit: 2200
Processor Information for processor 21
  Max Mhz: 2200, Current Mhz: 2200, Mhz Limit: 2200
Processor Information for processor 22
  Max Mhz: 2200, Current Mhz: 2200, Mhz Limit: 2200
Processor Information for processor 23
  Max Mhz: 2200, Current Mhz: 1512, Mhz Limit: 2200
Processor Information for processor 24
  Max Mhz: 2200, Current Mhz: 2200, Mhz Limit: 2200
Processor Information for processor 25
  Max Mhz: 2200, Current Mhz: 1512, Mhz Limit: 2200
Processor Information for processor 26
  Max Mhz: 2200, Current Mhz: 2200, Mhz Limit: 2200
Processor Information for processor 27
  Max Mhz: 2200, Current Mhz: 2200, Mhz Limit: 2200
Processor Information for processor 28
  Max Mhz: 2200, Current Mhz: 2200, Mhz Limit: 2200
Processor Information for processor 29
  Max Mhz: 2200, Current Mhz: 2200, Mhz Limit: 2200
Processor Information for processor 30
  Max Mhz: 2200, Current Mhz: 2200, Mhz Limit: 2200
Processor Information for processor 31
  Max Mhz: 2200, Current Mhz: 1512, Mhz Limit: 2200

Memory: 4k page, system-wide physical 32575M (20338M free)
TotalPageFile size 35865M (AvailPageFile size 440M)
current process WorkingSet (physical memory assigned to process): 211M, peak: 346M
current process commit charge ("private bytes"): 320M, peak: 715M

vm_info: Java HotSpot(TM) 64-Bit Server VM (25.0.2+10-LTS-69) for windows-amd64 JRE (25.0.2+10-LTS-69), built on 2025-12-18T11:36:35Z with MS VC++ 17.13 (VS2022)

END.
